<?xml version="1.0" encoding="UTF-8"?>
<testsuite xmlns:xsi="http://www.w3.org/2001/XMLSchema-instance" xsi:noNamespaceSchemaLocation="https://maven.apache.org/surefire/maven-surefire-plugin/xsd/surefire-test-report.xsd" version="3.0.2" name="com.nuvemite.cms.licenses.service.LicenseApplicationServiceTest" time="1.289" tests="3" errors="0" skipped="0" failures="0" flakes="0">
  <properties>
[...]
</properties>
  <testcase name="workflowAdvancesThroughStates" classname="com.nuvemite.cms.licenses.service.LicenseApplicationServiceTest" time="1.228">
    <system-out><![CDATA[2026-05-18T16:37:46.199+03:00  INFO 13755 --- [cms-licenses] [ntainer#0-0-C-1] org.apache.kafka.clients.Metadata        : [Consumer clientId=consumer-cms-licenses-2, groupId=cms-licenses] Cluster ID: BIZZyW_gQaSjyCtTQ0a5Pg
2026-05-18T16:37:46.199+03:00  INFO 13755 --- [cms-licenses] [ntainer#2-0-C-1] org.apache.kafka.clients.Metadata        : [Consumer clientId=consumer-cms-licenses-1, groupId=cms-licenses] Cluster ID: BIZZyW_gQaSjyCtTQ0a5Pg
2026-05-18T16:37:46.199+03:00  INFO 13755 --- [cms-licenses] [ntainer#1-0-C-1] org.apache.kafka.clients.Metadata        : [Consumer clientId=consumer-cms-licenses-3, groupId=cms-licenses] Cluster ID: BIZZyW_gQaSjyCtTQ0a5Pg
2026-05-18T16:37:46.218+03:00  INFO 13755 --- [cms-licenses] [ntainer#1-0-C-1] o.a.k.c.c.internals.ConsumerCoordinator  : [Consumer clientId=consumer-cms-licenses-3, groupId=cms-licenses] Discovered group coordinator localhost:9092 (id: 2147483646 rack: null isFenced: false)
2026-05-18T16:37:46.218+03:00  INFO 13755 --- [cms-licenses] [ntainer#2-0-C-1] o.a.k.c.c.internals.ConsumerCoordinator  : [Consumer clientId=consumer-cms-licenses-1, groupId=cms-licenses] Discovered group coordinator localhost:9092 (id: 2147483646 rack: null isFenced: false)
2026-05-18T16:37:46.218+03:00  INFO 13755 --- [cms-licenses] [ntainer#0-0-C-1] o.a.k.c.c.internals.ConsumerCoordinator  : [Consumer clientId=consumer-cms-licenses-2, groupId=cms-licenses] Discovered group coordinator localhost:9092 (id: 2147483646 rack: null isFenced: false)
2026-05-18T16:37:46.225+03:00  INFO 13755 --- [cms-licenses] [ntainer#0-0-C-1] o.a.k.c.c.internals.ConsumerCoordinator  : [Consumer clientId=consumer-cms-licenses-2, groupId=cms-licenses] (Re-)joining group
2026-05-18T16:37:46.225+03:00  INFO 13755 --- [cms-licenses] [ntainer#1-0-C-1] o.a.k.c.c.internals.ConsumerCoordinator  : [Consumer clientId=consumer-cms-licenses-3, groupId=cms-licenses] (Re-)joining group
2026-05-18T16:37:46.226+03:00  INFO 13755 --- [cms-licenses] [ntainer#2-0-C-1] o.a.k.c.c.internals.ConsumerCoordinator  : [Consumer clientId=consumer-cms-licenses-1, groupId=cms-licenses] (Re-)joining group
2026-05-18T16:37:46.343+03:00  INFO 13755 --- [cms-licenses] [ntainer#2-0-C-1] o.a.k.c.c.internals.ConsumerCoordinator  : [Consumer clientId=consumer-cms-licenses-1, groupId=cms-licenses] Request joining group due to: need to re-join with the given member-id: consumer-cms-licenses-1-1915ebb8-2097-4679-9d76-d483363907ba
2026-05-18T16:37:46.343+03:00  INFO 13755 --- [cms-licenses] [ntainer#1-0-C-1] o.a.k.c.c.internals.ConsumerCoordinator  : [Consumer clientId=consumer-cms-licenses-3, groupId=cms-licenses] Request joining group due to: need to re-join with the given member-id: consumer-cms-licenses-3-b1cbb775-93f8-48f2-83ba-af003ad242c7
2026-05-18T16:37:46.343+03:00  INFO 13755 --- [cms-licenses] [ntainer#0-0-C-1] o.a.k.c.c.internals.ConsumerCoordinator  : [Consumer clientId=consumer-cms-licenses-2, groupId=cms-licenses] Request joining group due to: need to re-join with the given member-id: consumer-cms-licenses-2-c64af041-2864-4c8c-85f8-defe21e75ce0
2026-05-18T16:37:46.343+03:00  INFO 13755 --- [cms-licenses] [ntainer#2-0-C-1] o.a.k.c.c.internals.ConsumerCoordinator  : [Consumer clientId=consumer-cms-licenses-1, groupId=cms-licenses] (Re-)joining group
2026-05-18T16:37:46.343+03:00  INFO 13755 --- [cms-licenses] [ntainer#1-0-C-1] o.a.k.c.c.internals.ConsumerCoordinator  : [Consumer clientId=consumer-cms-licenses-3, groupId=cms-licenses] (Re-)joining group
2026-05-18T16:37:46.343+03:00  INFO 13755 --- [cms-licenses] [ntainer#0-0-C-1] o.a.k.c.c.internals.ConsumerCoordinator  : [Consumer clientId=consumer-cms-licenses-2, groupId=cms-licenses] (Re-)joining group
]]></system-out>
  </testcase>
  <testcase name="cannotSubmitTwice" classname="com.nuvemite.cms.licenses.service.LicenseApplicationServiceTest" time="0.033"/>
  <testcase name="rejectFromSubmitted" classname="com.nuvemite.cms.licenses.service.LicenseApplicationServiceTest" time="0.014"/>
</testsuite>